::1 - - [08/Mar/2016:15:08:08 +0000] "GET / HTTP/1.1" 200 - "-" "Mozilla/5.0 (Macintosh; Intel Mac OS X 10_11_3) AppleWebKit/537.36 (KHTML, like Gecko) Chrome/48.0.2564.116 Safari/537.36"
::1 - - [08/Mar/2016:15:08:08 +0000] "GET /lib/angular-chart.js/dist/angular-chart.css HTTP/1.1" 200 - "http://localhost:8443/" "Mozilla/5.0 (Macintosh; Intel Mac OS X 10_11_3) AppleWebKit/537.36 (KHTML, like Gecko) Chrome/48.0.2564.116 Safari/537.36"
::1 - - [08/Mar/2016:15:08:08 +0000] "GET /lib/angular-material/angular-material.layouts.min.css HTTP/1.1" 200 - "http://localhost:8443/" "Mozilla/5.0 (Macintosh; Intel Mac OS X 10_11_3) AppleWebKit/537.36 (KHTML, like Gecko) Chrome/48.0.2564.116 Safari/537.36"
::1 - - [08/Mar/2016:15:08:08 +0000] "GET /lib/angular-toastr/dist/angular-toastr.css HTTP/1.1" 200 - "http://localhost:8443/" "Mozilla/5.0 (Macintosh; Intel Mac OS X 10_11_3) AppleWebKit/537.36 (KHTML, like Gecko) Chrome/48.0.2564.116 Safari/537.36"
::1 - - [08/Mar/2016:15:08:08 +0000] "GET /lib/angular-material/angular-material.min.css HTTP/1.1" 200 - "http://localhost:8443/" "Mozilla/5.0 (Macintosh; Intel Mac OS X 10_11_3) AppleWebKit/537.36 (KHTML, like Gecko) Chrome/48.0.2564.116 Safari/537.36"
::1 - - [08/Mar/2016:15:08:08 +0000] "GET /dist/application.min.css HTTP/1.1" 200 - "http://localhost:8443/" "Mozilla/5.0 (Macintosh; Intel Mac OS X 10_11_3) AppleWebKit/537.36 (KHTML, like Gecko) Chrome/48.0.2564.116 Safari/537.36"
::1 - - [08/Mar/2016:15:08:08 +0000] "GET /lib/angular-resource/angular-resource.min.js HTTP/1.1" 200 - "http://localhost:8443/" "Mozilla/5.0 (Macintosh; Intel Mac OS X 10_11_3) AppleWebKit/537.36 (KHTML, like Gecko) Chrome/48.0.2564.116 Safari/537.36"
::1 - - [08/Mar/2016:15:08:08 +0000] "GET /lib/angular-animate/angular-animate.min.js HTTP/1.1" 200 - "http://localhost:8443/" "Mozilla/5.0 (Macintosh; Intel Mac OS X 10_11_3) AppleWebKit/537.36 (KHTML, like Gecko) Chrome/48.0.2564.116 Safari/537.36"
::1 - - [08/Mar/2016:15:08:08 +0000] "GET /lib/angular/angular.min.js HTTP/1.1" 200 - "http://localhost:8443/" "Mozilla/5.0 (Macintosh; Intel Mac OS X 10_11_3) AppleWebKit/537.36 (KHTML, like Gecko) Chrome/48.0.2564.116 Safari/537.36"
::1 - - [08/Mar/2016:15:08:08 +0000] "GET /lib/angular-messages/angular-messages.min.js HTTP/1.1" 200 - "http://localhost:8443/" "Mozilla/5.0 (Macintosh; Intel Mac OS X 10_11_3) AppleWebKit/537.36 (KHTML, like Gecko) Chrome/48.0.2564.116 Safari/537.36"
::1 - - [08/Mar/2016:15:08:08 +0000] "GET /lib/angular-ui-router/release/angular-ui-router.min.js HTTP/1.1" 200 - "http://localhost:8443/" "Mozilla/5.0 (Macintosh; Intel Mac OS X 10_11_3) AppleWebKit/537.36 (KHTML, like Gecko) Chrome/48.0.2564.116 Safari/537.36"
::1 - - [08/Mar/2016:15:08:08 +0000] "GET /lib/angular-ui-utils/ui-utils.min.js HTTP/1.1" 200 - "http://localhost:8443/" "Mozilla/5.0 (Macintosh; Intel Mac OS X 10_11_3) AppleWebKit/537.36 (KHTML, like Gecko) Chrome/48.0.2564.116 Safari/537.36"
::1 - - [08/Mar/2016:15:08:09 +0000] "GET /lib/angular-bootstrap/ui-bootstrap-tpls.min.js HTTP/1.1" 200 - "http://localhost:8443/" "Mozilla/5.0 (Macintosh; Intel Mac OS X 10_11_3) AppleWebKit/537.36 (KHTML, like Gecko) Chrome/48.0.2564.116 Safari/537.36"
::1 - - [08/Mar/2016:15:08:09 +0000] "GET /lib/angular-file-upload/angular-file-upload.min.js HTTP/1.1" 200 - "http://localhost:8443/" "Mozilla/5.0 (Macintosh; Intel Mac OS X 10_11_3) AppleWebKit/537.36 (KHTML, like Gecko) Chrome/48.0.2564.116 Safari/537.36"
::1 - - [08/Mar/2016:15:08:09 +0000] "GET /lib/owasp-password-strength-test/owasp-password-strength-test.js HTTP/1.1" 200 - "http://localhost:8443/" "Mozilla/5.0 (Macintosh; Intel Mac OS X 10_11_3) AppleWebKit/537.36 (KHTML, like Gecko) Chrome/48.0.2564.116 Safari/537.36"
::1 - - [08/Mar/2016:15:08:09 +0000] "GET /lib/angular-messages/angular-messages.js HTTP/1.1" 200 - "http://localhost:8443/" "Mozilla/5.0 (Macintosh; Intel Mac OS X 10_11_3) AppleWebKit/537.36 (KHTML, like Gecko) Chrome/48.0.2564.116 Safari/537.36"
::1 - - [08/Mar/2016:15:08:09 +0000] "GET /lib/angular-ui-utils/ui-utils.js HTTP/1.1" 200 - "http://localhost:8443/" "Mozilla/5.0 (Macintosh; Intel Mac OS X 10_11_3) AppleWebKit/537.36 (KHTML, like Gecko) Chrome/48.0.2564.116 Safari/537.36"
::1 - - [08/Mar/2016:15:08:09 +0000] "GET /lib/angular-ui-router/release/angular-ui-router.js HTTP/1.1" 200 - "http://localhost:8443/" "Mozilla/5.0 (Macintosh; Intel Mac OS X 10_11_3) AppleWebKit/537.36 (KHTML, like Gecko) Chrome/48.0.2564.116 Safari/537.36"
::1 - - [08/Mar/2016:15:08:09 +0000] "GET /lib/angular-file-upload/angular-file-upload.js HTTP/1.1" 200 - "http://localhost:8443/" "Mozilla/5.0 (Macintosh; Intel Mac OS X 10_11_3) AppleWebKit/537.36 (KHTML, like Gecko) Chrome/48.0.2564.116 Safari/537.36"
::1 - - [08/Mar/2016:15:08:09 +0000] "GET /lib/underscore/underscore-min.js HTTP/1.1" 200 - "http://localhost:8443/" "Mozilla/5.0 (Macintosh; Intel Mac OS X 10_11_3) AppleWebKit/537.36 (KHTML, like Gecko) Chrome/48.0.2564.116 Safari/537.36"
::1 - - [08/Mar/2016:15:08:09 +0000] "GET /lib/ng-file-upload/ng-file-upload-all.min.js HTTP/1.1" 200 - "http://localhost:8443/" "Mozilla/5.0 (Macintosh; Intel Mac OS X 10_11_3) AppleWebKit/537.36 (KHTML, like Gecko) Chrome/48.0.2564.116 Safari/537.36"
::1 - - [08/Mar/2016:15:08:09 +0000] "GET /lib/angular-bootstrap/ui-bootstrap-tpls.js HTTP/1.1" 200 - "http://localhost:8443/" "Mozilla/5.0 (Macintosh; Intel Mac OS X 10_11_3) AppleWebKit/537.36 (KHTML, like Gecko) Chrome/48.0.2564.116 Safari/537.36"
::1 - - [08/Mar/2016:15:08:09 +0000] "GET /lib/checklist-model/checklist-model.js HTTP/1.1" 200 - "http://localhost:8443/" "Mozilla/5.0 (Macintosh; Intel Mac OS X 10_11_3) AppleWebKit/537.36 (KHTML, like Gecko) Chrome/48.0.2564.116 Safari/537.36"
::1 - - [08/Mar/2016:15:08:09 +0000] "GET /lib/angular-sanitize/angular-sanitize.min.js HTTP/1.1" 200 - "http://localhost:8443/" "Mozilla/5.0 (Macintosh; Intel Mac OS X 10_11_3) AppleWebKit/537.36 (KHTML, like Gecko) Chrome/48.0.2564.116 Safari/537.36"
::1 - - [08/Mar/2016:15:08:09 +0000] "GET /lib/ng-csv/build/ng-csv.min.js HTTP/1.1" 200 - "http://localhost:8443/" "Mozilla/5.0 (Macintosh; Intel Mac OS X 10_11_3) AppleWebKit/537.36 (KHTML, like Gecko) Chrome/48.0.2564.116 Safari/537.36"
::1 - - [08/Mar/2016:15:08:09 +0000] "GET /lib/angular-environment/dist/angular-environment.js HTTP/1.1" 200 - "http://localhost:8443/" "Mozilla/5.0 (Macintosh; Intel Mac OS X 10_11_3) AppleWebKit/537.36 (KHTML, like Gecko) Chrome/48.0.2564.116 Safari/537.36"
::1 - - [08/Mar/2016:15:08:09 +0000] "GET /lib/angular-chart.js/dist/angular-chart.js HTTP/1.1" 200 - "http://localhost:8443/" "Mozilla/5.0 (Macintosh; Intel Mac OS X 10_11_3) AppleWebKit/537.36 (KHTML, like Gecko) Chrome/48.0.2564.116 Safari/537.36"
::1 - - [08/Mar/2016:15:08:09 +0000] "GET /lib/Chart.js/Chart.js HTTP/1.1" 200 - "http://localhost:8443/" "Mozilla/5.0 (Macintosh; Intel Mac OS X 10_11_3) AppleWebKit/537.36 (KHTML, like Gecko) Chrome/48.0.2564.116 Safari/537.36"
::1 - - [08/Mar/2016:15:08:09 +0000] "GET /lib/angular-toastr/dist/angular-toastr.tpls.js HTTP/1.1" 200 - "http://localhost:8443/" "Mozilla/5.0 (Macintosh; Intel Mac OS X 10_11_3) AppleWebKit/537.36 (KHTML, like Gecko) Chrome/48.0.2564.116 Safari/537.36"
::1 - - [08/Mar/2016:15:08:09 +0000] "GET /lib/moment/moment.js HTTP/1.1" 200 - "http://localhost:8443/" "Mozilla/5.0 (Macintosh; Intel Mac OS X 10_11_3) AppleWebKit/537.36 (KHTML, like Gecko) Chrome/48.0.2564.116 Safari/537.36"
::1 - - [08/Mar/2016:15:08:09 +0000] "GET /dist/application.min.js HTTP/1.1" 200 - "http://localhost:8443/" "Mozilla/5.0 (Macintosh; Intel Mac OS X 10_11_3) AppleWebKit/537.36 (KHTML, like Gecko) Chrome/48.0.2564.116 Safari/537.36"
::1 - - [08/Mar/2016:15:08:09 +0000] "GET /lib/angular-material/angular-material.js HTTP/1.1" 200 - "http://localhost:8443/" "Mozilla/5.0 (Macintosh; Intel Mac OS X 10_11_3) AppleWebKit/537.36 (KHTML, like Gecko) Chrome/48.0.2564.116 Safari/537.36"
::1 - - [08/Mar/2016:15:08:09 +0000] "GET /modules/core/client/img/brand/favicon.ico HTTP/1.1" 200 32038 "http://localhost:8443/" "Mozilla/5.0 (Macintosh; Intel Mac OS X 10_11_3) AppleWebKit/537.36 (KHTML, like Gecko) Chrome/48.0.2564.116 Safari/537.36"
::1 - - [08/Mar/2016:15:08:12 +0000] "GET /lib/angular-material/angular-material.min.css HTTP/1.1" 304 - "http://localhost:8443/" "Mozilla/5.0 (Macintosh; Intel Mac OS X 10_11_3) AppleWebKit/537.36 (KHTML, like Gecko) Chrome/48.0.2564.116 Safari/537.36"
::1 - - [08/Mar/2016:15:08:12 +0000] "GET /lib/angular-material/angular-material.layouts.min.css HTTP/1.1" 304 - "http://localhost:8443/" "Mozilla/5.0 (Macintosh; Intel Mac OS X 10_11_3) AppleWebKit/537.36 (KHTML, like Gecko) Chrome/48.0.2564.116 Safari/537.36"
::1 - - [08/Mar/2016:15:08:12 +0000] "GET /lib/angular-chart.js/dist/angular-chart.css HTTP/1.1" 304 - "http://localhost:8443/" "Mozilla/5.0 (Macintosh; Intel Mac OS X 10_11_3) AppleWebKit/537.36 (KHTML, like Gecko) Chrome/48.0.2564.116 Safari/537.36"
::1 - - [08/Mar/2016:15:08:12 +0000] "GET /lib/angular-toastr/dist/angular-toastr.css HTTP/1.1" 304 - "http://localhost:8443/" "Mozilla/5.0 (Macintosh; Intel Mac OS X 10_11_3) AppleWebKit/537.36 (KHTML, like Gecko) Chrome/48.0.2564.116 Safari/537.36"
::1 - - [08/Mar/2016:15:08:12 +0000] "GET /dist/application.min.css HTTP/1.1" 304 - "http://localhost:8443/" "Mozilla/5.0 (Macintosh; Intel Mac OS X 10_11_3) AppleWebKit/537.36 (KHTML, like Gecko) Chrome/48.0.2564.116 Safari/537.36"
::1 - - [08/Mar/2016:15:08:12 +0000] "GET /lib/angular-resource/angular-resource.min.js.map HTTP/1.1" 200 - "-" "Mozilla/5.0 (Macintosh; Intel Mac OS X 10_11_3) AppleWebKit/537.36 (KHTML, like Gecko) Chrome/48.0.2564.116 Safari/537.36"
::1 - - [08/Mar/2016:15:08:12 +0000] "GET /lib/angular-sanitize/angular-sanitize.min.js.map HTTP/1.1" 200 - "-" "Mozilla/5.0 (Macintosh; Intel Mac OS X 10_11_3) AppleWebKit/537.36 (KHTML, like Gecko) Chrome/48.0.2564.116 Safari/537.36"
::1 - - [08/Mar/2016:15:08:12 +0000] "GET /lib/underscore/underscore-min.map HTTP/1.1" 200 - "-" "Mozilla/5.0 (Macintosh; Intel Mac OS X 10_11_3) AppleWebKit/537.36 (KHTML, like Gecko) Chrome/48.0.2564.116 Safari/537.36"
::1 - - [08/Mar/2016:15:08:12 +0000] "GET /lib/angular-animate/angular-animate.min.js.map HTTP/1.1" 200 - "-" "Mozilla/5.0 (Macintosh; Intel Mac OS X 10_11_3) AppleWebKit/537.36 (KHTML, like Gecko) Chrome/48.0.2564.116 Safari/537.36"
::1 - - [08/Mar/2016:15:08:12 +0000] "GET /lib/angular/angular.min.js.map HTTP/1.1" 200 - "-" "Mozilla/5.0 (Macintosh; Intel Mac OS X 10_11_3) AppleWebKit/537.36 (KHTML, like Gecko) Chrome/48.0.2564.116 Safari/537.36"
::1 - - [08/Mar/2016:15:08:17 +0000] "GET / HTTP/1.1" 304 - "-" "Mozilla/5.0 (Macintosh; Intel Mac OS X 10_11_3) AppleWebKit/537.36 (KHTML, like Gecko) Chrome/48.0.2564.116 Safari/537.36"
::1 - - [08/Mar/2016:15:08:18 +0000] "GET /lib/angular-material/angular-material.min.css HTTP/1.1" 304 - "http://localhost:8443/" "Mozilla/5.0 (Macintosh; Intel Mac OS X 10_11_3) AppleWebKit/537.36 (KHTML, like Gecko) Chrome/48.0.2564.116 Safari/537.36"
::1 - - [08/Mar/2016:15:08:18 +0000] "GET /lib/angular-material/angular-material.layouts.min.css HTTP/1.1" 304 - "http://localhost:8443/" "Mozilla/5.0 (Macintosh; Intel Mac OS X 10_11_3) AppleWebKit/537.36 (KHTML, like Gecko) Chrome/48.0.2564.116 Safari/537.36"
::1 - - [08/Mar/2016:15:08:18 +0000] "GET /lib/angular-chart.js/dist/angular-chart.css HTTP/1.1" 304 - "http://localhost:8443/" "Mozilla/5.0 (Macintosh; Intel Mac OS X 10_11_3) AppleWebKit/537.36 (KHTML, like Gecko) Chrome/48.0.2564.116 Safari/537.36"
::1 - - [08/Mar/2016:15:08:18 +0000] "GET /lib/angular-toastr/dist/angular-toastr.css HTTP/1.1" 304 - "http://localhost:8443/" "Mozilla/5.0 (Macintosh; Intel Mac OS X 10_11_3) AppleWebKit/537.36 (KHTML, like Gecko) Chrome/48.0.2564.116 Safari/537.36"
::1 - - [08/Mar/2016:15:08:18 +0000] "GET /dist/application.min.css HTTP/1.1" 304 - "http://localhost:8443/" "Mozilla/5.0 (Macintosh; Intel Mac OS X 10_11_3) AppleWebKit/537.36 (KHTML, like Gecko) Chrome/48.0.2564.116 Safari/537.36"
::1 - - [08/Mar/2016:15:08:18 +0000] "GET /lib/angular/angular.min.js HTTP/1.1" 304 - "http://localhost:8443/" "Mozilla/5.0 (Macintosh; Intel Mac OS X 10_11_3) AppleWebKit/537.36 (KHTML, like Gecko) Chrome/48.0.2564.116 Safari/537.36"
::1 - - [08/Mar/2016:15:08:18 +0000] "GET /lib/angular-resource/angular-resource.min.js HTTP/1.1" 304 - "http://localhost:8443/" "Mozilla/5.0 (Macintosh; Intel Mac OS X 10_11_3) AppleWebKit/537.36 (KHTML, like Gecko) Chrome/48.0.2564.116 Safari/537.36"
::1 - - [08/Mar/2016:15:08:18 +0000] "GET /lib/angular-ui-utils/ui-utils.min.js HTTP/1.1" 304 - "http://localhost:8443/" "Mozilla/5.0 (Macintosh; Intel Mac OS X 10_11_3) AppleWebKit/537.36 (KHTML, like Gecko) Chrome/48.0.2564.116 Safari/537.36"
::1 - - [08/Mar/2016:15:08:18 +0000] "GET /lib/angular-animate/angular-animate.min.js HTTP/1.1" 304 - "http://localhost:8443/" "Mozilla/5.0 (Macintosh; Intel Mac OS X 10_11_3) AppleWebKit/537.36 (KHTML, like Gecko) Chrome/48.0.2564.116 Safari/537.36"
::1 - - [08/Mar/2016:15:08:18 +0000] "GET /lib/angular-messages/angular-messages.min.js HTTP/1.1" 304 - "http://localhost:8443/" "Mozilla/5.0 (Macintosh; Intel Mac OS X 10_11_3) AppleWebKit/537.36 (KHTML, like Gecko) Chrome/48.0.2564.116 Safari/537.36"
::1 - - [08/Mar/2016:15:08:18 +0000] "GET /lib/angular-ui-router/release/angular-ui-router.min.js HTTP/1.1" 304 - "http://localhost:8443/" "Mozilla/5.0 (Macintosh; Intel Mac OS X 10_11_3) AppleWebKit/537.36 (KHTML, like Gecko) Chrome/48.0.2564.116 Safari/537.36"
::1 - - [08/Mar/2016:15:08:18 +0000] "GET /lib/angular-bootstrap/ui-bootstrap-tpls.min.js HTTP/1.1" 304 - "http://localhost:8443/" "Mozilla/5.0 (Macintosh; Intel Mac OS X 10_11_3) AppleWebKit/537.36 (KHTML, like Gecko) Chrome/48.0.2564.116 Safari/537.36"
::1 - - [08/Mar/2016:15:08:18 +0000] "GET /lib/angular-file-upload/angular-file-upload.min.js HTTP/1.1" 304 - "http://localhost:8443/" "Mozilla/5.0 (Macintosh; Intel Mac OS X 10_11_3) AppleWebKit/537.36 (KHTML, like Gecko) Chrome/48.0.2564.116 Safari/537.36"
::1 - - [08/Mar/2016:15:08:18 +0000] "GET /lib/owasp-password-strength-test/owasp-password-strength-test.js HTTP/1.1" 304 - "http://localhost:8443/" "Mozilla/5.0 (Macintosh; Intel Mac OS X 10_11_3) AppleWebKit/537.36 (KHTML, like Gecko) Chrome/48.0.2564.116 Safari/537.36"
::1 - - [08/Mar/2016:15:08:18 +0000] "GET /lib/angular-messages/angular-messages.js HTTP/1.1" 304 - "http://localhost:8443/" "Mozilla/5.0 (Macintosh; Intel Mac OS X 10_11_3) AppleWebKit/537.36 (KHTML, like Gecko) Chrome/48.0.2564.116 Safari/537.36"
::1 - - [08/Mar/2016:15:08:18 +0000] "GET /lib/angular-ui-router/release/angular-ui-router.js HTTP/1.1" 304 - "http://localhost:8443/" "Mozilla/5.0 (Macintosh; Intel Mac OS X 10_11_3) AppleWebKit/537.36 (KHTML, like Gecko) Chrome/48.0.2564.116 Safari/537.36"
::1 - - [08/Mar/2016:15:08:18 +0000] "GET /lib/angular-ui-utils/ui-utils.js HTTP/1.1" 304 - "http://localhost:8443/" "Mozilla/5.0 (Macintosh; Intel Mac OS X 10_11_3) AppleWebKit/537.36 (KHTML, like Gecko) Chrome/48.0.2564.116 Safari/537.36"
::1 - - [08/Mar/2016:15:08:18 +0000] "GET /lib/angular-bootstrap/ui-bootstrap-tpls.js HTTP/1.1" 304 - "http://localhost:8443/" "Mozilla/5.0 (Macintosh; Intel Mac OS X 10_11_3) AppleWebKit/537.36 (KHTML, like Gecko) Chrome/48.0.2564.116 Safari/537.36"
::1 - - [08/Mar/2016:15:08:18 +0000] "GET /lib/angular-file-upload/angular-file-upload.js HTTP/1.1" 304 - "http://localhost:8443/" "Mozilla/5.0 (Macintosh; Intel Mac OS X 10_11_3) AppleWebKit/537.36 (KHTML, like Gecko) Chrome/48.0.2564.116 Safari/537.36"
::1 - - [08/Mar/2016:15:08:18 +0000] "GET /lib/underscore/underscore-min.js HTTP/1.1" 304 - "http://localhost:8443/" "Mozilla/5.0 (Macintosh; Intel Mac OS X 10_11_3) AppleWebKit/537.36 (KHTML, like Gecko) Chrome/48.0.2564.116 Safari/537.36"
::1 - - [08/Mar/2016:15:08:18 +0000] "GET /lib/ng-csv/build/ng-csv.min.js HTTP/1.1" 304 - "http://localhost:8443/" "Mozilla/5.0 (Macintosh; Intel Mac OS X 10_11_3) AppleWebKit/537.36 (KHTML, like Gecko) Chrome/48.0.2564.116 Safari/537.36"
::1 - - [08/Mar/2016:15:08:18 +0000] "GET /lib/ng-file-upload/ng-file-upload-all.min.js HTTP/1.1" 304 - "http://localhost:8443/" "Mozilla/5.0 (Macintosh; Intel Mac OS X 10_11_3) AppleWebKit/537.36 (KHTML, like Gecko) Chrome/48.0.2564.116 Safari/537.36"
::1 - - [08/Mar/2016:15:08:18 +0000] "GET /lib/checklist-model/checklist-model.js HTTP/1.1" 304 - "http://localhost:8443/" "Mozilla/5.0 (Macintosh; Intel Mac OS X 10_11_3) AppleWebKit/537.36 (KHTML, like Gecko) Chrome/48.0.2564.116 Safari/537.36"
::1 - - [08/Mar/2016:15:08:18 +0000] "GET /lib/angular-sanitize/angular-sanitize.min.js HTTP/1.1" 304 - "http://localhost:8443/" "Mozilla/5.0 (Macintosh; Intel Mac OS X 10_11_3) AppleWebKit/537.36 (KHTML, like Gecko) Chrome/48.0.2564.116 Safari/537.36"
::1 - - [08/Mar/2016:15:08:18 +0000] "GET /lib/Chart.js/Chart.js HTTP/1.1" 304 - "http://localhost:8443/" "Mozilla/5.0 (Macintosh; Intel Mac OS X 10_11_3) AppleWebKit/537.36 (KHTML, like Gecko) Chrome/48.0.2564.116 Safari/537.36"
::1 - - [08/Mar/2016:15:08:18 +0000] "GET /lib/angular-environment/dist/angular-environment.js HTTP/1.1" 304 - "http://localhost:8443/" "Mozilla/5.0 (Macintosh; Intel Mac OS X 10_11_3) AppleWebKit/537.36 (KHTML, like Gecko) Chrome/48.0.2564.116 Safari/537.36"
::1 - - [08/Mar/2016:15:08:18 +0000] "GET /lib/angular-chart.js/dist/angular-chart.js HTTP/1.1" 304 - "http://localhost:8443/" "Mozilla/5.0 (Macintosh; Intel Mac OS X 10_11_3) AppleWebKit/537.36 (KHTML, like Gecko) Chrome/48.0.2564.116 Safari/537.36"
::1 - - [08/Mar/2016:15:08:18 +0000] "GET /lib/moment/moment.js HTTP/1.1" 304 - "http://localhost:8443/" "Mozilla/5.0 (Macintosh; Intel Mac OS X 10_11_3) AppleWebKit/537.36 (KHTML, like Gecko) Chrome/48.0.2564.116 Safari/537.36"
::1 - - [08/Mar/2016:15:08:18 +0000] "GET /lib/angular-material/angular-material.js HTTP/1.1" 304 - "http://localhost:8443/" "Mozilla/5.0 (Macintosh; Intel Mac OS X 10_11_3) AppleWebKit/537.36 (KHTML, like Gecko) Chrome/48.0.2564.116 Safari/537.36"
::1 - - [08/Mar/2016:15:08:18 +0000] "GET /lib/angular-toastr/dist/angular-toastr.tpls.js HTTP/1.1" 304 - "http://localhost:8443/" "Mozilla/5.0 (Macintosh; Intel Mac OS X 10_11_3) AppleWebKit/537.36 (KHTML, like Gecko) Chrome/48.0.2564.116 Safari/537.36"
::1 - - [08/Mar/2016:15:08:18 +0000] "GET /dist/application.min.js HTTP/1.1" 304 - "http://localhost:8443/" "Mozilla/5.0 (Macintosh; Intel Mac OS X 10_11_3) AppleWebKit/537.36 (KHTML, like Gecko) Chrome/48.0.2564.116 Safari/537.36"
::1 - - [08/Mar/2016:15:08:18 +0000] "GET /lib/angular/angular.min.js.map HTTP/1.1" 304 - "-" "Mozilla/5.0 (Macintosh; Intel Mac OS X 10_11_3) AppleWebKit/537.36 (KHTML, like Gecko) Chrome/48.0.2564.116 Safari/537.36"
::1 - - [08/Mar/2016:15:08:18 +0000] "GET /lib/angular-resource/angular-resource.min.js.map HTTP/1.1" 304 - "-" "Mozilla/5.0 (Macintosh; Intel Mac OS X 10_11_3) AppleWebKit/537.36 (KHTML, like Gecko) Chrome/48.0.2564.116 Safari/537.36"
::1 - - [08/Mar/2016:15:08:18 +0000] "GET /lib/angular-animate/angular-animate.min.js.map HTTP/1.1" 304 - "-" "Mozilla/5.0 (Macintosh; Intel Mac OS X 10_11_3) AppleWebKit/537.36 (KHTML, like Gecko) Chrome/48.0.2564.116 Safari/537.36"
::1 - - [08/Mar/2016:15:08:18 +0000] "GET /lib/underscore/underscore-min.map HTTP/1.1" 304 - "-" "Mozilla/5.0 (Macintosh; Intel Mac OS X 10_11_3) AppleWebKit/537.36 (KHTML, like Gecko) Chrome/48.0.2564.116 Safari/537.36"
::1 - - [08/Mar/2016:15:08:18 +0000] "GET /lib/angular-messages/angular-messages.min.js.map HTTP/1.1" 200 - "-" "Mozilla/5.0 (Macintosh; Intel Mac OS X 10_11_3) AppleWebKit/537.36 (KHTML, like Gecko) Chrome/48.0.2564.116 Safari/537.36"
::1 - - [08/Mar/2016:15:08:18 +0000] "GET /lib/angular-file-upload/angular-file-upload.min.map HTTP/1.1" 200 - "-" "Mozilla/5.0 (Macintosh; Intel Mac OS X 10_11_3) AppleWebKit/537.36 (KHTML, like Gecko) Chrome/48.0.2564.116 Safari/537.36"
::1 - - [08/Mar/2016:15:08:18 +0000] "GET /lib/angular-sanitize/angular-sanitize.min.js.map HTTP/1.1" 304 - "-" "Mozilla/5.0 (Macintosh; Intel Mac OS X 10_11_3) AppleWebKit/537.36 (KHTML, like Gecko) Chrome/48.0.2564.116 Safari/537.36"
::1 - - [08/Mar/2016:15:16:20 +0000] "GET / HTTP/1.1" 200 - "-" "Mozilla/5.0 (Macintosh; Intel Mac OS X 10_11_3) AppleWebKit/537.36 (KHTML, like Gecko) Chrome/48.0.2564.116 Safari/537.36"
::1 - - [08/Mar/2016:15:16:21 +0000] "GET /lib/angular-material/angular-material.min.css HTTP/1.1" 304 - "http://localhost:8443/" "Mozilla/5.0 (Macintosh; Intel Mac OS X 10_11_3) AppleWebKit/537.36 (KHTML, like Gecko) Chrome/48.0.2564.116 Safari/537.36"
::1 - - [08/Mar/2016:15:16:21 +0000] "GET /lib/angular-material/angular-material.layouts.min.css HTTP/1.1" 304 - "http://localhost:8443/" "Mozilla/5.0 (Macintosh; Intel Mac OS X 10_11_3) AppleWebKit/537.36 (KHTML, like Gecko) Chrome/48.0.2564.116 Safari/537.36"
::1 - - [08/Mar/2016:15:16:21 +0000] "GET /lib/angular-chart.js/dist/angular-chart.css HTTP/1.1" 304 - "http://localhost:8443/" "Mozilla/5.0 (Macintosh; Intel Mac OS X 10_11_3) AppleWebKit/537.36 (KHTML, like Gecko) Chrome/48.0.2564.116 Safari/537.36"
::1 - - [08/Mar/2016:15:16:21 +0000] "GET /lib/angular-toastr/dist/angular-toastr.css HTTP/1.1" 304 - "http://localhost:8443/" "Mozilla/5.0 (Macintosh; Intel Mac OS X 10_11_3) AppleWebKit/537.36 (KHTML, like Gecko) Chrome/48.0.2564.116 Safari/537.36"
::1 - - [08/Mar/2016:15:16:21 +0000] "GET /lib/angular/angular.min.js HTTP/1.1" 304 - "http://localhost:8443/" "Mozilla/5.0 (Macintosh; Intel Mac OS X 10_11_3) AppleWebKit/537.36 (KHTML, like Gecko) Chrome/48.0.2564.116 Safari/537.36"
::1 - - [08/Mar/2016:15:16:21 +0000] "GET /dist/application.min.css HTTP/1.1" 200 - "http://localhost:8443/" "Mozilla/5.0 (Macintosh; Intel Mac OS X 10_11_3) AppleWebKit/537.36 (KHTML, like Gecko) Chrome/48.0.2564.116 Safari/537.36"
::1 - - [08/Mar/2016:15:16:21 +0000] "GET /lib/angular-resource/angular-resource.min.js HTTP/1.1" 304 - "http://localhost:8443/" "Mozilla/5.0 (Macintosh; Intel Mac OS X 10_11_3) AppleWebKit/537.36 (KHTML, like Gecko) Chrome/48.0.2564.116 Safari/537.36"
::1 - - [08/Mar/2016:15:16:21 +0000] "GET /lib/angular-animate/angular-animate.min.js HTTP/1.1" 304 - "http://localhost:8443/" "Mozilla/5.0 (Macintosh; Intel Mac OS X 10_11_3) AppleWebKit/537.36 (KHTML, like Gecko) Chrome/48.0.2564.116 Safari/537.36"
::1 - - [08/Mar/2016:15:16:21 +0000] "GET /lib/angular-messages/angular-messages.min.js HTTP/1.1" 304 - "http://localhost:8443/" "Mozilla/5.0 (Macintosh; Intel Mac OS X 10_11_3) AppleWebKit/537.36 (KHTML, like Gecko) Chrome/48.0.2564.116 Safari/537.36"
::1 - - [08/Mar/2016:15:16:21 +0000] "GET /lib/angular-ui-router/release/angular-ui-router.min.js HTTP/1.1" 304 - "http://localhost:8443/" "Mozilla/5.0 (Macintosh; Intel Mac OS X 10_11_3) AppleWebKit/537.36 (KHTML, like Gecko) Chrome/48.0.2564.116 Safari/537.36"
::1 - - [08/Mar/2016:15:16:21 +0000] "GET /lib/angular-bootstrap/ui-bootstrap-tpls.min.js HTTP/1.1" 304 - "http://localhost:8443/" "Mozilla/5.0 (Macintosh; Intel Mac OS X 10_11_3) AppleWebKit/537.36 (KHTML, like Gecko) Chrome/48.0.2564.116 Safari/537.36"
::1 - - [08/Mar/2016:15:16:21 +0000] "GET /lib/angular-ui-utils/ui-utils.min.js HTTP/1.1" 304 - "http://localhost:8443/" "Mozilla/5.0 (Macintosh; Intel Mac OS X 10_11_3) AppleWebKit/537.36 (KHTML, like Gecko) Chrome/48.0.2564.116 Safari/537.36"
::1 - - [08/Mar/2016:15:16:21 +0000] "GET /lib/angular-file-upload/angular-file-upload.min.js HTTP/1.1" 304 - "http://localhost:8443/" "Mozilla/5.0 (Macintosh; Intel Mac OS X 10_11_3) AppleWebKit/537.36 (KHTML, like Gecko) Chrome/48.0.2564.116 Safari/537.36"
::1 - - [08/Mar/2016:15:16:21 +0000] "GET /lib/angular-messages/angular-messages.js HTTP/1.1" 304 - "http://localhost:8443/" "Mozilla/5.0 (Macintosh; Intel Mac OS X 10_11_3) AppleWebKit/537.36 (KHTML, like Gecko) Chrome/48.0.2564.116 Safari/537.36"
::1 - - [08/Mar/2016:15:16:21 +0000] "GET /lib/owasp-password-strength-test/owasp-password-strength-test.js HTTP/1.1" 304 - "http://localhost:8443/" "Mozilla/5.0 (Macintosh; Intel Mac OS X 10_11_3) AppleWebKit/537.36 (KHTML, like Gecko) Chrome/48.0.2564.116 Safari/537.36"
::1 - - [08/Mar/2016:15:16:21 +0000] "GET /lib/angular-ui-router/release/angular-ui-router.js HTTP/1.1" 304 - "http://localhost:8443/" "Mozilla/5.0 (Macintosh; Intel Mac OS X 10_11_3) AppleWebKit/537.36 (KHTML, like Gecko) Chrome/48.0.2564.116 Safari/537.36"
::1 - - [08/Mar/2016:15:16:21 +0000] "GET /lib/angular-ui-utils/ui-utils.js HTTP/1.1" 304 - "http://localhost:8443/" "Mozilla/5.0 (Macintosh; Intel Mac OS X 10_11_3) AppleWebKit/537.36 (KHTML, like Gecko) Chrome/48.0.2564.116 Safari/537.36"
::1 - - [08/Mar/2016:15:16:21 +0000] "GET /lib/angular-bootstrap/ui-bootstrap-tpls.js HTTP/1.1" 304 - "http://localhost:8443/" "Mozilla/5.0 (Macintosh; Intel Mac OS X 10_11_3) AppleWebKit/537.36 (KHTML, like Gecko) Chrome/48.0.2564.116 Safari/537.36"
::1 - - [08/Mar/2016:15:16:21 +0000] "GET /lib/angular-file-upload/angular-file-upload.js HTTP/1.1" 304 - "http://localhost:8443/" "Mozilla/5.0 (Macintosh; Intel Mac OS X 10_11_3) AppleWebKit/537.36 (KHTML, like Gecko) Chrome/48.0.2564.116 Safari/537.36"
::1 - - [08/Mar/2016:15:16:21 +0000] "GET /lib/underscore/underscore-min.js HTTP/1.1" 304 - "http://localhost:8443/" "Mozilla/5.0 (Macintosh; Intel Mac OS X 10_11_3) AppleWebKit/537.36 (KHTML, like Gecko) Chrome/48.0.2564.116 Safari/537.36"
::1 - - [08/Mar/2016:15:16:21 +0000] "GET /lib/ng-file-upload/ng-file-upload-all.min.js HTTP/1.1" 304 - "http://localhost:8443/" "Mozilla/5.0 (Macintosh; Intel Mac OS X 10_11_3) AppleWebKit/537.36 (KHTML, like Gecko) Chrome/48.0.2564.116 Safari/537.36"
::1 - - [08/Mar/2016:15:16:21 +0000] "GET /lib/checklist-model/checklist-model.js HTTP/1.1" 304 - "http://localhost:8443/" "Mozilla/5.0 (Macintosh; Intel Mac OS X 10_11_3) AppleWebKit/537.36 (KHTML, like Gecko) Chrome/48.0.2564.116 Safari/537.36"
::1 - - [08/Mar/2016:15:16:21 +0000] "GET /lib/angular-sanitize/angular-sanitize.min.js HTTP/1.1" 304 - "http://localhost:8443/" "Mozilla/5.0 (Macintosh; Intel Mac OS X 10_11_3) AppleWebKit/537.36 (KHTML, like Gecko) Chrome/48.0.2564.116 Safari/537.36"
::1 - - [08/Mar/2016:15:16:21 +0000] "GET /lib/ng-csv/build/ng-csv.min.js HTTP/1.1" 304 - "http://localhost:8443/" "Mozilla/5.0 (Macintosh; Intel Mac OS X 10_11_3) AppleWebKit/537.36 (KHTML, like Gecko) Chrome/48.0.2564.116 Safari/537.36"
::1 - - [08/Mar/2016:15:16:21 +0000] "GET /lib/angular-environment/dist/angular-environment.js HTTP/1.1" 304 - "http://localhost:8443/" "Mozilla/5.0 (Macintosh; Intel Mac OS X 10_11_3) AppleWebKit/537.36 (KHTML, like Gecko) Chrome/48.0.2564.116 Safari/537.36"
::1 - - [08/Mar/2016:15:16:21 +0000] "GET /lib/Chart.js/Chart.js HTTP/1.1" 304 - "http://localhost:8443/" "Mozilla/5.0 (Macintosh; Intel Mac OS X 10_11_3) AppleWebKit/537.36 (KHTML, like Gecko) Chrome/48.0.2564.116 Safari/537.36"
::1 - - [08/Mar/2016:15:16:21 +0000] "GET /lib/angular-chart.js/dist/angular-chart.js HTTP/1.1" 304 - "http://localhost:8443/" "Mozilla/5.0 (Macintosh; Intel Mac OS X 10_11_3) AppleWebKit/537.36 (KHTML, like Gecko) Chrome/48.0.2564.116 Safari/537.36"
::1 - - [08/Mar/2016:15:16:21 +0000] "GET /lib/moment/moment.js HTTP/1.1" 304 - "http://localhost:8443/" "Mozilla/5.0 (Macintosh; Intel Mac OS X 10_11_3) AppleWebKit/537.36 (KHTML, like Gecko) Chrome/48.0.2564.116 Safari/537.36"
::1 - - [08/Mar/2016:15:16:21 +0000] "GET /lib/angular-toastr/dist/angular-toastr.tpls.js HTTP/1.1" 304 - "http://localhost:8443/" "Mozilla/5.0 (Macintosh; Intel Mac OS X 10_11_3) AppleWebKit/537.36 (KHTML, like Gecko) Chrome/48.0.2564.116 Safari/537.36"
::1 - - [08/Mar/2016:15:16:21 +0000] "GET /lib/angular-material/angular-material.js HTTP/1.1" 304 - "http://localhost:8443/" "Mozilla/5.0 (Macintosh; Intel Mac OS X 10_11_3) AppleWebKit/537.36 (KHTML, like Gecko) Chrome/48.0.2564.116 Safari/537.36"
::1 - - [08/Mar/2016:15:16:21 +0000] "GET /dist/application.min.js HTTP/1.1" 200 - "http://localhost:8443/" "Mozilla/5.0 (Macintosh; Intel Mac OS X 10_11_3) AppleWebKit/537.36 (KHTML, like Gecko) Chrome/48.0.2564.116 Safari/537.36"
::1 - - [08/Mar/2016:15:16:21 +0000] "GET /lib/angular-resource/angular-resource.min.js.map HTTP/1.1" 304 - "-" "Mozilla/5.0 (Macintosh; Intel Mac OS X 10_11_3) AppleWebKit/537.36 (KHTML, like Gecko) Chrome/48.0.2564.116 Safari/537.36"
::1 - - [08/Mar/2016:15:16:21 +0000] "GET /lib/angular/angular.min.js.map HTTP/1.1" 304 - "-" "Mozilla/5.0 (Macintosh; Intel Mac OS X 10_11_3) AppleWebKit/537.36 (KHTML, like Gecko) Chrome/48.0.2564.116 Safari/537.36"
::1 - - [08/Mar/2016:15:16:21 +0000] "GET /lib/angular-animate/angular-animate.min.js.map HTTP/1.1" 304 - "-" "Mozilla/5.0 (Macintosh; Intel Mac OS X 10_11_3) AppleWebKit/537.36 (KHTML, like Gecko) Chrome/48.0.2564.116 Safari/537.36"
::1 - - [08/Mar/2016:15:16:21 +0000] "GET /lib/angular-messages/angular-messages.min.js.map HTTP/1.1" 304 - "-" "Mozilla/5.0 (Macintosh; Intel Mac OS X 10_11_3) AppleWebKit/537.36 (KHTML, like Gecko) Chrome/48.0.2564.116 Safari/537.36"
::1 - - [08/Mar/2016:15:16:21 +0000] "GET /lib/angular-file-upload/angular-file-upload.min.map HTTP/1.1" 304 - "-" "Mozilla/5.0 (Macintosh; Intel Mac OS X 10_11_3) AppleWebKit/537.36 (KHTML, like Gecko) Chrome/48.0.2564.116 Safari/537.36"
::1 - - [08/Mar/2016:15:16:21 +0000] "GET /lib/underscore/underscore-min.map HTTP/1.1" 304 - "-" "Mozilla/5.0 (Macintosh; Intel Mac OS X 10_11_3) AppleWebKit/537.36 (KHTML, like Gecko) Chrome/48.0.2564.116 Safari/537.36"
::1 - - [08/Mar/2016:15:16:21 +0000] "GET /lib/angular-sanitize/angular-sanitize.min.js.map HTTP/1.1" 304 - "-" "Mozilla/5.0 (Macintosh; Intel Mac OS X 10_11_3) AppleWebKit/537.36 (KHTML, like Gecko) Chrome/48.0.2564.116 Safari/537.36"
::1 - - [08/Mar/2016:15:16:32 +0000] "GET /lib/angular/angular.js HTTP/1.1" 200 - "-" "Mozilla/5.0 (Macintosh; Intel Mac OS X 10_11_3) AppleWebKit/537.36 (KHTML, like Gecko) Chrome/48.0.2564.116 Safari/537.36"
::1 - - [08/Mar/2016:15:18:05 +0000] "GET / HTTP/1.1" 304 - "-" "Mozilla/5.0 (Macintosh; Intel Mac OS X 10_11_3) AppleWebKit/537.36 (KHTML, like Gecko) Chrome/48.0.2564.116 Safari/537.36"
::1 - - [08/Mar/2016:15:18:06 +0000] "GET /lib/angular-material/angular-material.min.css HTTP/1.1" 304 - "http://localhost:8443/" "Mozilla/5.0 (Macintosh; Intel Mac OS X 10_11_3) AppleWebKit/537.36 (KHTML, like Gecko) Chrome/48.0.2564.116 Safari/537.36"
::1 - - [08/Mar/2016:15:18:06 +0000] "GET /dist/application.min.css HTTP/1.1" 304 - "http://localhost:8443/" "Mozilla/5.0 (Macintosh; Intel Mac OS X 10_11_3) AppleWebKit/537.36 (KHTML, like Gecko) Chrome/48.0.2564.116 Safari/537.36"
::1 - - [08/Mar/2016:15:18:06 +0000] "GET /lib/angular-chart.js/dist/angular-chart.css HTTP/1.1" 304 - "http://localhost:8443/" "Mozilla/5.0 (Macintosh; Intel Mac OS X 10_11_3) AppleWebKit/537.36 (KHTML, like Gecko) Chrome/48.0.2564.116 Safari/537.36"
::1 - - [08/Mar/2016:15:18:06 +0000] "GET /lib/angular-material/angular-material.layouts.min.css HTTP/1.1" 304 - "http://localhost:8443/" "Mozilla/5.0 (Macintosh; Intel Mac OS X 10_11_3) AppleWebKit/537.36 (KHTML, like Gecko) Chrome/48.0.2564.116 Safari/537.36"
::1 - - [08/Mar/2016:15:18:06 +0000] "GET /lib/angular/angular.min.js HTTP/1.1" 304 - "http://localhost:8443/" "Mozilla/5.0 (Macintosh; Intel Mac OS X 10_11_3) AppleWebKit/537.36 (KHTML, like Gecko) Chrome/48.0.2564.116 Safari/537.36"
::1 - - [08/Mar/2016:15:18:06 +0000] "GET /lib/angular-toastr/dist/angular-toastr.css HTTP/1.1" 304 - "http://localhost:8443/" "Mozilla/5.0 (Macintosh; Intel Mac OS X 10_11_3) AppleWebKit/537.36 (KHTML, like Gecko) Chrome/48.0.2564.116 Safari/537.36"
::1 - - [08/Mar/2016:15:18:06 +0000] "GET /lib/angular-animate/angular-animate.min.js HTTP/1.1" 304 - "http://localhost:8443/" "Mozilla/5.0 (Macintosh; Intel Mac OS X 10_11_3) AppleWebKit/537.36 (KHTML, like Gecko) Chrome/48.0.2564.116 Safari/537.36"
::1 - - [08/Mar/2016:15:18:06 +0000] "GET /lib/angular-messages/angular-messages.min.js HTTP/1.1" 304 - "http://localhost:8443/" "Mozilla/5.0 (Macintosh; Intel Mac OS X 10_11_3) AppleWebKit/537.36 (KHTML, like Gecko) Chrome/48.0.2564.116 Safari/537.36"
::1 - - [08/Mar/2016:15:18:06 +0000] "GET /lib/angular-resource/angular-resource.min.js HTTP/1.1" 304 - "http://localhost:8443/" "Mozilla/5.0 (Macintosh; Intel Mac OS X 10_11_3) AppleWebKit/537.36 (KHTML, like Gecko) Chrome/48.0.2564.116 Safari/537.36"
::1 - - [08/Mar/2016:15:18:06 +0000] "GET /lib/angular-ui-utils/ui-utils.min.js HTTP/1.1" 304 - "http://localhost:8443/" "Mozilla/5.0 (Macintosh; Intel Mac OS X 10_11_3) AppleWebKit/537.36 (KHTML, like Gecko) Chrome/48.0.2564.116 Safari/537.36"
::1 - - [08/Mar/2016:15:18:06 +0000] "GET /lib/angular-ui-router/release/angular-ui-router.min.js HTTP/1.1" 304 - "http://localhost:8443/" "Mozilla/5.0 (Macintosh; Intel Mac OS X 10_11_3) AppleWebKit/537.36 (KHTML, like Gecko) Chrome/48.0.2564.116 Safari/537.36"
::1 - - [08/Mar/2016:15:18:06 +0000] "GET /lib/angular-bootstrap/ui-bootstrap-tpls.min.js HTTP/1.1" 304 - "http://localhost:8443/" "Mozilla/5.0 (Macintosh; Intel Mac OS X 10_11_3) AppleWebKit/537.36 (KHTML, like Gecko) Chrome/48.0.2564.116 Safari/537.36"
::1 - - [08/Mar/2016:15:18:06 +0000] "GET /lib/angular-messages/angular-messages.js HTTP/1.1" 304 - "http://localhost:8443/" "Mozilla/5.0 (Macintosh; Intel Mac OS X 10_11_3) AppleWebKit/537.36 (KHTML, like Gecko) Chrome/48.0.2564.116 Safari/537.36"
::1 - - [08/Mar/2016:15:18:06 +0000] "GET /lib/angular-ui-utils/ui-utils.js HTTP/1.1" 304 - "http://localhost:8443/" "Mozilla/5.0 (Macintosh; Intel Mac OS X 10_11_3) AppleWebKit/537.36 (KHTML, like Gecko) Chrome/48.0.2564.116 Safari/537.36"
::1 - - [08/Mar/2016:15:18:06 +0000] "GET /lib/angular-ui-router/release/angular-ui-router.js HTTP/1.1" 304 - "http://localhost:8443/" "Mozilla/5.0 (Macintosh; Intel Mac OS X 10_11_3) AppleWebKit/537.36 (KHTML, like Gecko) Chrome/48.0.2564.116 Safari/537.36"
::1 - - [08/Mar/2016:15:18:06 +0000] "GET /lib/angular-bootstrap/ui-bootstrap-tpls.js HTTP/1.1" 304 - "http://localhost:8443/" "Mozilla/5.0 (Macintosh; Intel Mac OS X 10_11_3) AppleWebKit/537.36 (KHTML, like Gecko) Chrome/48.0.2564.116 Safari/537.36"
::1 - - [08/Mar/2016:15:18:06 +0000] "GET /lib/angular-file-upload/angular-file-upload.min.js HTTP/1.1" 304 - "http://localhost:8443/" "Mozilla/5.0 (Macintosh; Intel Mac OS X 10_11_3) AppleWebKit/537.36 (KHTML, like Gecko) Chrome/48.0.2564.116 Safari/537.36"
::1 - - [08/Mar/2016:15:18:06 +0000] "GET /lib/owasp-password-strength-test/owasp-password-strength-test.js HTTP/1.1" 304 - "http://localhost:8443/" "Mozilla/5.0 (Macintosh; Intel Mac OS X 10_11_3) AppleWebKit/537.36 (KHTML, like Gecko) Chrome/48.0.2564.116 Safari/537.36"
::1 - - [08/Mar/2016:15:18:06 +0000] "GET /lib/angular-file-upload/angular-file-upload.js HTTP/1.1" 304 - "http://localhost:8443/" "Mozilla/5.0 (Macintosh; Intel Mac OS X 10_11_3) AppleWebKit/537.36 (KHTML, like Gecko) Chrome/48.0.2564.116 Safari/537.36"
::1 - - [08/Mar/2016:15:18:06 +0000] "GET /lib/underscore/underscore-min.js HTTP/1.1" 304 - "http://localhost:8443/" "Mozilla/5.0 (Macintosh; Intel Mac OS X 10_11_3) AppleWebKit/537.36 (KHTML, like Gecko) Chrome/48.0.2564.116 Safari/537.36"
::1 - - [08/Mar/2016:15:18:06 +0000] "GET /lib/ng-file-upload/ng-file-upload-all.min.js HTTP/1.1" 304 - "http://localhost:8443/" "Mozilla/5.0 (Macintosh; Intel Mac OS X 10_11_3) AppleWebKit/537.36 (KHTML, like Gecko) Chrome/48.0.2564.116 Safari/537.36"
::1 - - [08/Mar/2016:15:18:06 +0000] "GET /lib/ng-csv/build/ng-csv.min.js HTTP/1.1" 304 - "http://localhost:8443/" "Mozilla/5.0 (Macintosh; Intel Mac OS X 10_11_3) AppleWebKit/537.36 (KHTML, like Gecko) Chrome/48.0.2564.116 Safari/537.36"
::1 - - [08/Mar/2016:15:18:06 +0000] "GET /lib/angular-sanitize/angular-sanitize.min.js HTTP/1.1" 304 - "http://localhost:8443/" "Mozilla/5.0 (Macintosh; Intel Mac OS X 10_11_3) AppleWebKit/537.36 (KHTML, like Gecko) Chrome/48.0.2564.116 Safari/537.36"
::1 - - [08/Mar/2016:15:18:06 +0000] "GET /lib/checklist-model/checklist-model.js HTTP/1.1" 304 - "http://localhost:8443/" "Mozilla/5.0 (Macintosh; Intel Mac OS X 10_11_3) AppleWebKit/537.36 (KHTML, like Gecko) Chrome/48.0.2564.116 Safari/537.36"
::1 - - [08/Mar/2016:15:18:06 +0000] "GET /lib/angular-chart.js/dist/angular-chart.js HTTP/1.1" 304 - "http://localhost:8443/" "Mozilla/5.0 (Macintosh; Intel Mac OS X 10_11_3) AppleWebKit/537.36 (KHTML, like Gecko) Chrome/48.0.2564.116 Safari/537.36"
::1 - - [08/Mar/2016:15:18:06 +0000] "GET /lib/angular-environment/dist/angular-environment.js HTTP/1.1" 304 - "http://localhost:8443/" "Mozilla/5.0 (Macintosh; Intel Mac OS X 10_11_3) AppleWebKit/537.36 (KHTML, like Gecko) Chrome/48.0.2564.116 Safari/537.36"
::1 - - [08/Mar/2016:15:18:06 +0000] "GET /lib/Chart.js/Chart.js HTTP/1.1" 304 - "http://localhost:8443/" "Mozilla/5.0 (Macintosh; Intel Mac OS X 10_11_3) AppleWebKit/537.36 (KHTML, like Gecko) Chrome/48.0.2564.116 Safari/537.36"
::1 - - [08/Mar/2016:15:18:06 +0000] "GET /lib/moment/moment.js HTTP/1.1" 304 - "http://localhost:8443/" "Mozilla/5.0 (Macintosh; Intel Mac OS X 10_11_3) AppleWebKit/537.36 (KHTML, like Gecko) Chrome/48.0.2564.116 Safari/537.36"
::1 - - [08/Mar/2016:15:18:06 +0000] "GET /lib/angular-toastr/dist/angular-toastr.tpls.js HTTP/1.1" 304 - "http://localhost:8443/" "Mozilla/5.0 (Macintosh; Intel Mac OS X 10_11_3) AppleWebKit/537.36 (KHTML, like Gecko) Chrome/48.0.2564.116 Safari/537.36"
::1 - - [08/Mar/2016:15:18:06 +0000] "GET /lib/angular-material/angular-material.js HTTP/1.1" 304 - "http://localhost:8443/" "Mozilla/5.0 (Macintosh; Intel Mac OS X 10_11_3) AppleWebKit/537.36 (KHTML, like Gecko) Chrome/48.0.2564.116 Safari/537.36"
::1 - - [08/Mar/2016:15:18:06 +0000] "GET /lib/angular-resource/angular-resource.min.js.map HTTP/1.1" 304 - "-" "Mozilla/5.0 (Macintosh; Intel Mac OS X 10_11_3) AppleWebKit/537.36 (KHTML, like Gecko) Chrome/48.0.2564.116 Safari/537.36"
::1 - - [08/Mar/2016:15:18:06 +0000] "GET /lib/angular/angular.min.js.map HTTP/1.1" 304 - "-" "Mozilla/5.0 (Macintosh; Intel Mac OS X 10_11_3) AppleWebKit/537.36 (KHTML, like Gecko) Chrome/48.0.2564.116 Safari/537.36"
::1 - - [08/Mar/2016:15:18:06 +0000] "GET /dist/application.min.js HTTP/1.1" 304 - "http://localhost:8443/" "Mozilla/5.0 (Macintosh; Intel Mac OS X 10_11_3) AppleWebKit/537.36 (KHTML, like Gecko) Chrome/48.0.2564.116 Safari/537.36"
::1 - - [08/Mar/2016:15:18:06 +0000] "GET /lib/angular-messages/angular-messages.min.js.map HTTP/1.1" 304 - "-" "Mozilla/5.0 (Macintosh; Intel Mac OS X 10_11_3) AppleWebKit/537.36 (KHTML, like Gecko) Chrome/48.0.2564.116 Safari/537.36"
::1 - - [08/Mar/2016:15:18:06 +0000] "GET /lib/angular-animate/angular-animate.min.js.map HTTP/1.1" 304 - "-" "Mozilla/5.0 (Macintosh; Intel Mac OS X 10_11_3) AppleWebKit/537.36 (KHTML, like Gecko) Chrome/48.0.2564.116 Safari/537.36"
::1 - - [08/Mar/2016:15:18:06 +0000] "GET /lib/angular-file-upload/angular-file-upload.min.map HTTP/1.1" 304 - "-" "Mozilla/5.0 (Macintosh; Intel Mac OS X 10_11_3) AppleWebKit/537.36 (KHTML, like Gecko) Chrome/48.0.2564.116 Safari/537.36"
::1 - - [08/Mar/2016:15:18:06 +0000] "GET /lib/underscore/underscore-min.map HTTP/1.1" 304 - "-" "Mozilla/5.0 (Macintosh; Intel Mac OS X 10_11_3) AppleWebKit/537.36 (KHTML, like Gecko) Chrome/48.0.2564.116 Safari/537.36"
::1 - - [08/Mar/2016:15:18:06 +0000] "GET /lib/angular-sanitize/angular-sanitize.min.js.map HTTP/1.1" 304 - "-" "Mozilla/5.0 (Macintosh; Intel Mac OS X 10_11_3) AppleWebKit/537.36 (KHTML, like Gecko) Chrome/48.0.2564.116 Safari/537.36"
::1 - - [08/Mar/2016:15:20:37 +0000] "GET / HTTP/1.1" 200 - "-" "Mozilla/5.0 (Macintosh; Intel Mac OS X 10_11_3) AppleWebKit/537.36 (KHTML, like Gecko) Chrome/48.0.2564.116 Safari/537.36"
::1 - - [08/Mar/2016:15:20:37 +0000] "GET /lib/angular-chart.js/dist/angular-chart.css HTTP/1.1" 200 - "https://localhost:8443/" "Mozilla/5.0 (Macintosh; Intel Mac OS X 10_11_3) AppleWebKit/537.36 (KHTML, like Gecko) Chrome/48.0.2564.116 Safari/537.36"
::1 - - [08/Mar/2016:15:20:37 +0000] "GET /lib/angular-material/angular-material.min.css HTTP/1.1" 200 - "https://localhost:8443/" "Mozilla/5.0 (Macintosh; Intel Mac OS X 10_11_3) AppleWebKit/537.36 (KHTML, like Gecko) Chrome/48.0.2564.116 Safari/537.36"
::1 - - [08/Mar/2016:15:20:37 +0000] "GET /lib/angular-toastr/dist/angular-toastr.css HTTP/1.1" 200 - "https://localhost:8443/" "Mozilla/5.0 (Macintosh; Intel Mac OS X 10_11_3) AppleWebKit/537.36 (KHTML, like Gecko) Chrome/48.0.2564.116 Safari/537.36"
::1 - - [08/Mar/2016:15:20:37 +0000] "GET /dist/application.min.css HTTP/1.1" 200 - "https://localhost:8443/" "Mozilla/5.0 (Macintosh; Intel Mac OS X 10_11_3) AppleWebKit/537.36 (KHTML, like Gecko) Chrome/48.0.2564.116 Safari/537.36"
::1 - - [08/Mar/2016:15:20:37 +0000] "GET /lib/angular-material/angular-material.layouts.min.css HTTP/1.1" 200 - "https://localhost:8443/" "Mozilla/5.0 (Macintosh; Intel Mac OS X 10_11_3) AppleWebKit/537.36 (KHTML, like Gecko) Chrome/48.0.2564.116 Safari/537.36"
::1 - - [08/Mar/2016:15:20:37 +0000] "GET /lib/angular/angular.min.js HTTP/1.1" 200 - "https://localhost:8443/" "Mozilla/5.0 (Macintosh; Intel Mac OS X 10_11_3) AppleWebKit/537.36 (KHTML, like Gecko) Chrome/48.0.2564.116 Safari/537.36"
::1 - - [08/Mar/2016:15:20:37 +0000] "GET /lib/angular-resource/angular-resource.min.js HTTP/1.1" 200 - "https://localhost:8443/" "Mozilla/5.0 (Macintosh; Intel Mac OS X 10_11_3) AppleWebKit/537.36 (KHTML, like Gecko) Chrome/48.0.2564.116 Safari/537.36"
::1 - - [08/Mar/2016:15:20:37 +0000] "GET /lib/angular-messages/angular-messages.min.js HTTP/1.1" 200 - "https://localhost:8443/" "Mozilla/5.0 (Macintosh; Intel Mac OS X 10_11_3) AppleWebKit/537.36 (KHTML, like Gecko) Chrome/48.0.2564.116 Safari/537.36"
::1 - - [08/Mar/2016:15:20:37 +0000] "GET /lib/angular-ui-utils/ui-utils.min.js HTTP/1.1" 200 - "https://localhost:8443/" "Mozilla/5.0 (Macintosh; Intel Mac OS X 10_11_3) AppleWebKit/537.36 (KHTML, like Gecko) Chrome/48.0.2564.116 Safari/537.36"
::1 - - [08/Mar/2016:15:20:37 +0000] "GET /lib/angular-animate/angular-animate.min.js HTTP/1.1" 200 - "https://localhost:8443/" "Mozilla/5.0 (Macintosh; Intel Mac OS X 10_11_3) AppleWebKit/537.36 (KHTML, like Gecko) Chrome/48.0.2564.116 Safari/537.36"
::1 - - [08/Mar/2016:15:20:37 +0000] "GET /lib/angular-ui-router/release/angular-ui-router.min.js HTTP/1.1" 200 - "https://localhost:8443/" "Mozilla/5.0 (Macintosh; Intel Mac OS X 10_11_3) AppleWebKit/537.36 (KHTML, like Gecko) Chrome/48.0.2564.116 Safari/537.36"
::1 - - [08/Mar/2016:15:20:37 +0000] "GET /lib/angular-bootstrap/ui-bootstrap-tpls.min.js HTTP/1.1" 200 - "https://localhost:8443/" "Mozilla/5.0 (Macintosh; Intel Mac OS X 10_11_3) AppleWebKit/537.36 (KHTML, like Gecko) Chrome/48.0.2564.116 Safari/537.36"
::1 - - [08/Mar/2016:15:20:37 +0000] "GET /lib/angular-file-upload/angular-file-upload.min.js HTTP/1.1" 200 - "https://localhost:8443/" "Mozilla/5.0 (Macintosh; Intel Mac OS X 10_11_3) AppleWebKit/537.36 (KHTML, like Gecko) Chrome/48.0.2564.116 Safari/537.36"
::1 - - [08/Mar/2016:15:20:37 +0000] "GET /lib/owasp-password-strength-test/owasp-password-strength-test.js HTTP/1.1" 200 - "https://localhost:8443/" "Mozilla/5.0 (Macintosh; Intel Mac OS X 10_11_3) AppleWebKit/537.36 (KHTML, like Gecko) Chrome/48.0.2564.116 Safari/537.36"
::1 - - [08/Mar/2016:15:20:37 +0000] "GET /lib/angular-messages/angular-messages.js HTTP/1.1" 200 - "https://localhost:8443/" "Mozilla/5.0 (Macintosh; Intel Mac OS X 10_11_3) AppleWebKit/537.36 (KHTML, like Gecko) Chrome/48.0.2564.116 Safari/537.36"
::1 - - [08/Mar/2016:15:20:37 +0000] "GET /lib/angular-ui-utils/ui-utils.js HTTP/1.1" 200 - "https://localhost:8443/" "Mozilla/5.0 (Macintosh; Intel Mac OS X 10_11_3) AppleWebKit/537.36 (KHTML, like Gecko) Chrome/48.0.2564.116 Safari/537.36"
::1 - - [08/Mar/2016:15:20:37 +0000] "GET /lib/angular-ui-router/release/angular-ui-router.js HTTP/1.1" 200 - "https://localhost:8443/" "Mozilla/5.0 (Macintosh; Intel Mac OS X 10_11_3) AppleWebKit/537.36 (KHTML, like Gecko) Chrome/48.0.2564.116 Safari/537.36"
::1 - - [08/Mar/2016:15:20:37 +0000] "GET /lib/angular-bootstrap/ui-bootstrap-tpls.js HTTP/1.1" 200 - "https://localhost:8443/" "Mozilla/5.0 (Macintosh; Intel Mac OS X 10_11_3) AppleWebKit/537.36 (KHTML, like Gecko) Chrome/48.0.2564.116 Safari/537.36"
::1 - - [08/Mar/2016:15:20:37 +0000] "GET /lib/angular-file-upload/angular-file-upload.js HTTP/1.1" 200 - "https://localhost:8443/" "Mozilla/5.0 (Macintosh; Intel Mac OS X 10_11_3) AppleWebKit/537.36 (KHTML, like Gecko) Chrome/48.0.2564.116 Safari/537.36"
::1 - - [08/Mar/2016:15:20:37 +0000] "GET /lib/underscore/underscore-min.js HTTP/1.1" 200 - "https://localhost:8443/" "Mozilla/5.0 (Macintosh; Intel Mac OS X 10_11_3) AppleWebKit/537.36 (KHTML, like Gecko) Chrome/48.0.2564.116 Safari/537.36"
::1 - - [08/Mar/2016:15:20:37 +0000] "GET /lib/checklist-model/checklist-model.js HTTP/1.1" 200 - "https://localhost:8443/" "Mozilla/5.0 (Macintosh; Intel Mac OS X 10_11_3) AppleWebKit/537.36 (KHTML, like Gecko) Chrome/48.0.2564.116 Safari/537.36"
::1 - - [08/Mar/2016:15:20:37 +0000] "GET /lib/ng-file-upload/ng-file-upload-all.min.js HTTP/1.1" 200 - "https://localhost:8443/" "Mozilla/5.0 (Macintosh; Intel Mac OS X 10_11_3) AppleWebKit/537.36 (KHTML, like Gecko) Chrome/48.0.2564.116 Safari/537.36"
::1 - - [08/Mar/2016:15:20:37 +0000] "GET /lib/angular-sanitize/angular-sanitize.min.js HTTP/1.1" 200 - "https://localhost:8443/" "Mozilla/5.0 (Macintosh; Intel Mac OS X 10_11_3) AppleWebKit/537.36 (KHTML, like Gecko) Chrome/48.0.2564.116 Safari/537.36"
::1 - - [08/Mar/2016:15:20:37 +0000] "GET /lib/ng-csv/build/ng-csv.min.js HTTP/1.1" 200 - "https://localhost:8443/" "Mozilla/5.0 (Macintosh; Intel Mac OS X 10_11_3) AppleWebKit/537.36 (KHTML, like Gecko) Chrome/48.0.2564.116 Safari/537.36"
::1 - - [08/Mar/2016:15:20:37 +0000] "GET /lib/angular-environment/dist/angular-environment.js HTTP/1.1" 200 - "https://localhost:8443/" "Mozilla/5.0 (Macintosh; Intel Mac OS X 10_11_3) AppleWebKit/537.36 (KHTML, like Gecko) Chrome/48.0.2564.116 Safari/537.36"
::1 - - [08/Mar/2016:15:20:37 +0000] "GET /lib/angular-chart.js/dist/angular-chart.js HTTP/1.1" 200 - "https://localhost:8443/" "Mozilla/5.0 (Macintosh; Intel Mac OS X 10_11_3) AppleWebKit/537.36 (KHTML, like Gecko) Chrome/48.0.2564.116 Safari/537.36"
::1 - - [08/Mar/2016:15:20:37 +0000] "GET /lib/Chart.js/Chart.js HTTP/1.1" 200 - "https://localhost:8443/" "Mozilla/5.0 (Macintosh; Intel Mac OS X 10_11_3) AppleWebKit/537.36 (KHTML, like Gecko) Chrome/48.0.2564.116 Safari/537.36"
::1 - - [08/Mar/2016:15:20:37 +0000] "GET /lib/moment/moment.js HTTP/1.1" 200 - "https://localhost:8443/" "Mozilla/5.0 (Macintosh; Intel Mac OS X 10_11_3) AppleWebKit/537.36 (KHTML, like Gecko) Chrome/48.0.2564.116 Safari/537.36"
::1 - - [08/Mar/2016:15:20:37 +0000] "GET /lib/angular-toastr/dist/angular-toastr.tpls.js HTTP/1.1" 200 - "https://localhost:8443/" "Mozilla/5.0 (Macintosh; Intel Mac OS X 10_11_3) AppleWebKit/537.36 (KHTML, like Gecko) Chrome/48.0.2564.116 Safari/537.36"
::1 - - [08/Mar/2016:15:20:37 +0000] "GET /dist/application.min.js HTTP/1.1" 200 - "https://localhost:8443/" "Mozilla/5.0 (Macintosh; Intel Mac OS X 10_11_3) AppleWebKit/537.36 (KHTML, like Gecko) Chrome/48.0.2564.116 Safari/537.36"
::1 - - [08/Mar/2016:15:20:37 +0000] "GET /lib/angular-resource/angular-resource.min.js.map HTTP/1.1" 200 - "-" "Mozilla/5.0 (Macintosh; Intel Mac OS X 10_11_3) AppleWebKit/537.36 (KHTML, like Gecko) Chrome/48.0.2564.116 Safari/537.36"
::1 - - [08/Mar/2016:15:20:37 +0000] "GET /lib/angular-messages/angular-messages.min.js.map HTTP/1.1" 200 - "-" "Mozilla/5.0 (Macintosh; Intel Mac OS X 10_11_3) AppleWebKit/537.36 (KHTML, like Gecko) Chrome/48.0.2564.116 Safari/537.36"
::1 - - [08/Mar/2016:15:20:37 +0000] "GET /lib/angular-material/angular-material.js HTTP/1.1" 200 - "https://localhost:8443/" "Mozilla/5.0 (Macintosh; Intel Mac OS X 10_11_3) AppleWebKit/537.36 (KHTML, like Gecko) Chrome/48.0.2564.116 Safari/537.36"
::1 - - [08/Mar/2016:15:20:37 +0000] "GET /lib/angular-animate/angular-animate.min.js.map HTTP/1.1" 200 - "-" "Mozilla/5.0 (Macintosh; Intel Mac OS X 10_11_3) AppleWebKit/537.36 (KHTML, like Gecko) Chrome/48.0.2564.116 Safari/537.36"
::1 - - [08/Mar/2016:15:20:37 +0000] "GET /lib/angular-file-upload/angular-file-upload.min.map HTTP/1.1" 200 - "-" "Mozilla/5.0 (Macintosh; Intel Mac OS X 10_11_3) AppleWebKit/537.36 (KHTML, like Gecko) Chrome/48.0.2564.116 Safari/537.36"
::1 - - [08/Mar/2016:15:20:37 +0000] "GET /lib/underscore/underscore-min.map HTTP/1.1" 200 - "-" "Mozilla/5.0 (Macintosh; Intel Mac OS X 10_11_3) AppleWebKit/537.36 (KHTML, like Gecko) Chrome/48.0.2564.116 Safari/537.36"
::1 - - [08/Mar/2016:15:20:37 +0000] "GET /lib/angular-sanitize/angular-sanitize.min.js.map HTTP/1.1" 200 - "-" "Mozilla/5.0 (Macintosh; Intel Mac OS X 10_11_3) AppleWebKit/537.36 (KHTML, like Gecko) Chrome/48.0.2564.116 Safari/537.36"
::1 - - [08/Mar/2016:15:20:37 +0000] "GET /lib/angular/angular.min.js.map HTTP/1.1" 200 - "-" "Mozilla/5.0 (Macintosh; Intel Mac OS X 10_11_3) AppleWebKit/537.36 (KHTML, like Gecko) Chrome/48.0.2564.116 Safari/537.36"
::1 - - [08/Mar/2016:15:20:38 +0000] "GET /modules/core/client/img/brand/favicon.ico HTTP/1.1" 200 32038 "https://localhost:8443/" "Mozilla/5.0 (Macintosh; Intel Mac OS X 10_11_3) AppleWebKit/537.36 (KHTML, like Gecko) Chrome/48.0.2564.116 Safari/537.36"
